TN:
SF:src\neat\export\neat.export.utils.ts
FN:49,assertCheckpointGenomeIsNative
FN:79,assertSerializedGenomeCarriesCheckpointIdentity
FN:157,findNextGenomeIdFloor
FN:161,(anonymous_3)
FN:180,resolveMetaFormatVersion
FN:196,resolveStateFormatVersion
FNF:6
FNH:6
FNDA:3,assertCheckpointGenomeIsNative
FNDA:8,assertSerializedGenomeCarriesCheckpointIdentity
FNDA:1,findNextGenomeIdFloor
FNDA:3,(anonymous_3)
FNDA:2,resolveMetaFormatVersion
FNDA:2,resolveStateFormatVersion
DA:2,1
DA:3,1
DA:4,1
DA:49,1
DA:54,3
DA:56,3
DA:57,1
DA:60,2
DA:61,2
DA:79,1
DA:83,8
DA:86,8
DA:90,8
DA:91,13
DA:97,1
DA:103,7
DA:104,6
DA:109,1
DA:114,5
DA:122,5
DA:123,1
DA:127,4
DA:128,1
DA:132,3
DA:133,1
DA:137,2
DA:141,1
DA:157,1
DA:160,1
DA:162,3
DA:168,1
DA:180,1
DA:181,2
DA:196,1
DA:197,2
LF:35
LH:35
BRDA:56,0,0,1
BRDA:56,0,1,2
BRDA:62,1,0,2
BRDA:62,1,1,1
BRDA:83,2,0,7
BRDA:83,2,1,1
BRDA:86,3,0,7
BRDA:86,3,1,1
BRDA:91,4,0,1
BRDA:91,4,1,12
BRDA:92,5,0,13
BRDA:92,5,1,13
BRDA:92,5,2,13
BRDA:92,5,3,13
BRDA:104,6,0,1
BRDA:104,6,1,5
BRDA:105,7,0,6
BRDA:105,7,1,5
BRDA:105,7,2,5
BRDA:122,8,0,1
BRDA:122,8,1,4
BRDA:127,9,0,1
BRDA:127,9,1,3
BRDA:132,10,0,1
BRDA:132,10,1,2
BRDA:137,11,0,1
BRDA:137,11,1,1
BRDA:138,12,0,2
BRDA:138,12,1,1
BRDA:162,13,0,2
BRDA:162,13,1,1
BRDA:181,14,0,1
BRDA:181,14,1,1
BRDA:197,15,0,1
BRDA:197,15,1,1
BRF:35
BRH:35
end_of_record
