TN:
SF:src\neataptic.ts
FN:1,(anonymous_10)
FN:2,(anonymous_11)
FN:3,(anonymous_12)
FN:4,(anonymous_13)
FN:4,(anonymous_14)
FN:6,(anonymous_15)
FN:7,(anonymous_16)
FN:8,(anonymous_17)
FN:9,(anonymous_18)
FN:10,(anonymous_19)
FN:11,(anonymous_20)
FN:12,(anonymous_21)
FN:13,(anonymous_22)
FN:14,(anonymous_23)
FN:15,(anonymous_24)
FN:16,(anonymous_25)
FN:42,(anonymous_26)
FN:43,(anonymous_27)
FN:44,(anonymous_28)
FN:45,(anonymous_29)
FN:46,(anonymous_30)
FN:51,(anonymous_31)
FN:52,(anonymous_32)
FN:53,(anonymous_33)
FN:54,(anonymous_34)
FN:55,(anonymous_35)
FNF:26
FNH:26
FNDA:1,(anonymous_10)
FNDA:1,(anonymous_11)
FNDA:1,(anonymous_12)
FNDA:1,(anonymous_13)
FNDA:1,(anonymous_14)
FNDA:1,(anonymous_15)
FNDA:1,(anonymous_16)
FNDA:1,(anonymous_17)
FNDA:1,(anonymous_18)
FNDA:1,(anonymous_19)
FNDA:1,(anonymous_20)
FNDA:1,(anonymous_21)
FNDA:1,(anonymous_22)
FNDA:1,(anonymous_23)
FNDA:1,(anonymous_24)
FNDA:1,(anonymous_25)
FNDA:1,(anonymous_26)
FNDA:1,(anonymous_27)
FNDA:1,(anonymous_28)
FNDA:1,(anonymous_29)
FNDA:55,(anonymous_30)
FNDA:1,(anonymous_31)
FNDA:1,(anonymous_32)
FNDA:1,(anonymous_33)
FNDA:1,(anonymous_34)
FNDA:1,(anonymous_35)
DA:1,3
DA:2,3
DA:3,3
DA:4,3
DA:5,2
DA:6,3
DA:7,3
DA:8,3
DA:9,3
DA:10,3
DA:11,3
DA:12,3
DA:13,3
DA:14,3
DA:15,3
DA:16,3
DA:42,3
DA:43,3
DA:44,3
DA:45,3
DA:46,57
DA:47,2
DA:48,2
DA:49,2
DA:50,2
DA:51,3
DA:52,3
DA:53,3
DA:54,3
DA:55,3
LF:30
LH:30
BRF:0
BRH:0
end_of_record
TN:
SF:src\architecture\network.ts
FN:83,(anonymous_1)
FN:84,(anonymous_2)
FN:86,(anonymous_3)
FN:87,(anonymous_4)
FN:90,(anonymous_5)
FN:91,(anonymous_6)
FN:92,(anonymous_7)
FN:93,(anonymous_8)
FN:94,(anonymous_9)
FN:95,(anonymous_10)
FN:96,(anonymous_11)
FN:97,(anonymous_12)
FN:98,(anonymous_13)
FN:99,(anonymous_14)
FN:100,(anonymous_15)
FNF:15
FNH:15
FNDA:2,(anonymous_1)
FNDA:2,(anonymous_2)
FNDA:2,(anonymous_3)
FNDA:2,(anonymous_4)
FNDA:2,(anonymous_5)
FNDA:2,(anonymous_6)
FNDA:2,(anonymous_7)
FNDA:2,(anonymous_8)
FNDA:2,(anonymous_9)
FNDA:2,(anonymous_10)
FNDA:2,(anonymous_11)
FNDA:2,(anonymous_12)
FNDA:2,(anonymous_13)
FNDA:2,(anonymous_14)
FNDA:2,(anonymous_15)
DA:83,5
DA:84,5
DA:85,3
DA:86,5
DA:87,5
DA:89,3
DA:90,5
DA:91,5
DA:92,5
DA:93,5
DA:94,5
DA:95,5
DA:96,5
DA:97,5
DA:98,5
DA:99,5
DA:100,5
LF:17
LH:17
BRF:0
BRH:0
end_of_record
TN:
SF:src\architecture\network\worker-payload\network.worker-payload.capabilities.ts
FN:85,detectInferenceWorkerCapabilities
FN:112,resolveAutoInferenceTransport
FN:129,detectBrowserInferenceWorkerCapabilities
FN:191,detectNodeInferenceWorkerCapabilities
FN:215,resolveWorkerCapabilityRuntime
FN:227,pushReason
FNF:6
FNH:6
FNDA:7,detectInferenceWorkerCapabilities
FNDA:7,resolveAutoInferenceTransport
FNDA:5,detectBrowserInferenceWorkerCapabilities
FNDA:2,detectNodeInferenceWorkerCapabilities
FNDA:7,resolveWorkerCapabilityRuntime
FNDA:8,pushReason
DA:85,3
DA:88,7
DA:90,7
DA:112,3
DA:116,7
DA:117,1
DA:121,6
DA:122,4
DA:126,2
DA:132,5
DA:134,5
DA:135,5
DA:136,5
DA:138,5
DA:141,5
DA:142,5
DA:144,5
DA:149,5
DA:150,2
DA:158,5
DA:159,5
DA:160,1
DA:164,4
DA:165,1
DA:169,3
DA:170,1
DA:174,2
DA:175,2
DA:182,5
DA:194,2
DA:196,2
DA:199,2
DA:200,1
DA:206,2
DA:218,7
DA:219,6
DA:222,1
DA:228,8
LF:38
LH:38
BRDA:86,0,0,0
BRDA:90,1,0,5
BRDA:90,1,1,2
BRDA:116,2,0,1
BRDA:116,2,1,6
BRDA:121,3,0,4
BRDA:121,3,1,2
BRDA:134,4,0,5
BRDA:134,4,1,0
BRDA:135,5,0,5
BRDA:135,5,1,0
BRDA:136,6,0,5
BRDA:136,6,1,1
BRDA:138,7,0,5
BRDA:138,7,1,3
BRDA:141,8,0,5
BRDA:141,8,1,0
BRDA:142,9,0,5
BRDA:142,9,1,4
BRDA:144,10,0,5
BRDA:144,10,1,4
BRDA:144,10,2,3
BRDA:144,10,3,2
BRDA:149,11,0,2
BRDA:149,11,1,3
BRDA:152,12,0,1
BRDA:152,12,1,1
BRDA:158,13,0,5
BRDA:158,13,1,0
BRDA:159,14,0,1
BRDA:159,14,1,4
BRDA:164,15,0,1
BRDA:164,15,1,3
BRDA:169,16,0,1
BRDA:169,16,1,2
BRDA:174,17,0,2
BRDA:174,17,1,0
BRDA:196,18,0,2
BRDA:196,18,1,0
BRDA:199,19,0,1
BRDA:199,19,1,1
BRDA:216,20,0,0
BRDA:218,21,0,6
BRDA:218,21,1,1
BRDA:218,22,0,7
BRDA:218,22,1,3
BRDA:222,23,0,0
BRDA:222,23,1,1
BRDA:222,24,0,1
BRDA:222,24,1,0
BRF:50
BRH:40
end_of_record
