{"numFailedTestSuites":1,"numFailedTests":1,"numPassedTestSuites":0,"numPassedTests":7,"numPendingTestSuites":0,"numPendingTests":0,"numRuntimeErrorTestSuites":0,"numTodoTests":0,"numTotalTestSuites":1,"numTotalTests":8,"openHandles":[],"snapshot":{"added":0,"didUpdate":false,"failure":false,"filesAdded":0,"filesRemoved":0,"filesRemovedList":[],"filesUnmatched":0,"filesUpdated":0,"matched":0,"total":0,"unchecked":0,"uncheckedKeysByFile":[],"unmatched":0,"updated":0},"startTime":1782691870446,"success":false,"testResults":[{"assertionResults":[{"ancestorTitles":["update-rag.mjs CLI orchestrator","dry-run mode"],"duration":4900,"failing":false,"failureDetails":[],"failureMessages":[],"fullName":"update-rag.mjs CLI orchestrator dry-run mode exits 0 when invoked with --dry-run --json","invocations":1,"location":null,"numPassingAsserts":1,"retryReasons":[],"startAt":1782691870659,"status":"passed","title":"exits 0 when invoked with --dry-run --json"},{"ancestorTitles":["update-rag.mjs CLI orchestrator","dry-run mode"],"duration":4435,"failing":false,"failureDetails":[],"failureMessages":[],"fullName":"update-rag.mjs CLI orchestrator dry-run mode emits a JSON summary with a non-empty stages array in dry-run mode","invocations":1,"location":null,"numPassingAsserts":1,"retryReasons":[],"startAt":1782691875560,"status":"passed","title":"emits a JSON summary with a non-empty stages array in dry-run mode"},{"ancestorTitles":["update-rag.mjs CLI orchestrator","dry-run mode"],"duration":4473,"failing":false,"failureDetails":[],"failureMessages":[],"fullName":"update-rag.mjs CLI orchestrator dry-run mode does not report mutation side effects in dry-run stage statuses","invocations":1,"location":null,"numPassingAsserts":1,"retryReasons":[],"startAt":1782691879996,"status":"passed","title":"does not report mutation side effects in dry-run stage statuses"},{"ancestorTitles":["update-rag.mjs CLI orchestrator","--validate mode"],"duration":107794,"failing":false,"failureDetails":[],"failureMessages":[],"fullName":"update-rag.mjs CLI orchestrator --validate mode exits 0 when invoked with --validate --json on a healthy corpus","invocations":1,"location":null,"numPassingAsserts":1,"retryReasons":[],"startAt":1782691884470,"status":"passed","title":"exits 0 when invoked with --validate --json on a healthy corpus"},{"ancestorTitles":["update-rag.mjs CLI orchestrator","--validate mode"],"duration":107462,"failing":false,"failureDetails":[],"failureMessages":[],"fullName":"update-rag.mjs CLI orchestrator --validate mode includes a validate stage in the JSON summary when --validate is passed","invocations":1,"location":null,"numPassingAsserts":1,"retryReasons":[],"startAt":1782691992265,"status":"passed","title":"includes a validate stage in the JSON summary when --validate is passed"},{"ancestorTitles":["update-rag.mjs CLI orchestrator","stage ordering"],"duration":4440,"failing":false,"failureDetails":[],"failureMessages":[],"fullName":"update-rag.mjs CLI orchestrator stage ordering lists stages in canonical order with --dry-run --json","invocations":1,"location":null,"numPassingAsserts":1,"retryReasons":[],"startAt":1782692099727,"status":"passed","title":"lists stages in canonical order with --dry-run --json"},{"ancestorTitles":["update-rag.mjs CLI orchestrator","idempotency"],"duration":159593,"failing":false,"failureDetails":[{"matcherResult":{"actual":{"graphStageExists":true,"graphStatusIsSkipped":false},"expected":{"graphStageExists":true,"graphStatusIsSkipped":true},"message":"expect(received).toEqual(expected) // deep equality\n\n- Expected  - 1\n+ Received  + 1\n\n  Object {\n    \"graphStageExists\": true,\n-   \"graphStatusIsSkipped\": true,\n+   \"graphStatusIsSkipped\": false,\n  }","name":"toEqual","pass":false}}],"failureMessages":["Error: expect(received).toEqual(expected) // deep equality\n\n- Expected  - 1\n+ Received  + 1\n\n  Object {\n    \"graphStageExists\": true,\n-   \"graphStatusIsSkipped\": true,\n+   \"graphStatusIsSkipped\": false,\n  }\n    at Object.<anonymous> (C:\\NeatapticTS\\rag-index\\__tests__\\update-rag.test.mjs:161:10)\n    at processTicksAndRejections (node:internal/process/task_queues:104:5)"],"fullName":"update-rag.mjs CLI orchestrator idempotency skips the build-graph stage on a second unchanged run","invocations":1,"location":null,"numPassingAsserts":0,"retryReasons":[],"startAt":1782692104167,"status":"failed","title":"skips the build-graph stage on a second unchanged run"},{"ancestorTitles":["update-rag.mjs CLI orchestrator","per-stage status reporting"],"duration":5750,"failing":false,"failureDetails":[],"failureMessages":[],"fullName":"update-rag.mjs CLI orchestrator per-stage status reporting reports every stage with name, status, and elapsedMs in dry-run output","invocations":1,"location":null,"numPassingAsserts":1,"retryReasons":[],"startAt":1782692263763,"status":"passed","title":"reports every stage with name, status, and elapsedMs in dry-run output"}],"endTime":1782692269527,"message":"  ● update-rag.mjs CLI orchestrator › idempotency › skips the build-graph stage on a second unchanged run\n\n    expect(received).toEqual(expected) // deep equality\n\n    - Expected  - 1\n    + Received  + 1\n\n      Object {\n        \"graphStageExists\": true,\n    -   \"graphStatusIsSkipped\": true,\n    +   \"graphStatusIsSkipped\": false,\n      }\n\n    \u001b[0m \u001b[90m 159 |\u001b[39m         graphStageExists\u001b[33m:\u001b[39m \u001b[33mBoolean\u001b[39m(graphStage)\u001b[33m,\u001b[39m\n     \u001b[90m 160 |\u001b[39m         graphStatusIsSkipped\u001b[33m:\u001b[39m graphStage\u001b[33m?\u001b[39m\u001b[33m.\u001b[39mstatus \u001b[33m===\u001b[39m \u001b[32m'skipped'\u001b[39m\u001b[33m,\u001b[39m\n    \u001b[31m\u001b[1m>\u001b[22m\u001b[39m\u001b[90m 161 |\u001b[39m       })\u001b[33m.\u001b[39mtoEqual({\n     \u001b[90m     |\u001b[39m          \u001b[31m\u001b[1m^\u001b[22m\u001b[39m\n     \u001b[90m 162 |\u001b[39m         graphStageExists\u001b[33m:\u001b[39m \u001b[36mtrue\u001b[39m\u001b[33m,\u001b[39m\n     \u001b[90m 163 |\u001b[39m         graphStatusIsSkipped\u001b[33m:\u001b[39m \u001b[36mtrue\u001b[39m\u001b[33m,\u001b[39m\n     \u001b[90m 164 |\u001b[39m       })\u001b[33m;\u001b[39m\u001b[0m\n\n      at Object.<anonymous> (rag-index/__tests__/update-rag.test.mjs:161:10)\n","name":"C:\\NeatapticTS\\rag-index\\__tests__\\update-rag.test.mjs","startTime":1782691870503,"status":"failed","summary":""}],"wasInterrupted":false}
